c:\users\mysteryus\documents\github\1009project\1009project\debug\vc143.pdb
c:\users\mysteryus\documents\github\1009project\1009project\debug\vc143.idb
c:\users\mysteryus\documents\github\1009project\1009project\debug\tilemanager.obj
c:\users\mysteryus\documents\github\1009project\1009project\debug\tile.obj
c:\users\mysteryus\documents\github\1009project\1009project\debug\player.obj
c:\users\mysteryus\documents\github\1009project\1009project\debug\main.obj
c:\users\mysteryus\documents\github\1009project\1009project\debug\gamepanel.obj
c:\users\mysteryus\documents\github\1009project\1009project\debug\entity.obj
c:\users\mysteryus\documents\github\1009project\1009project\debug\collisionchecker.obj
c:\users\mysteryus\documents\github\1009project\1009project\debug\bat.obj
c:\users\mysteryus\documents\github\1009project\1009project\debug\sound.obj
c:\users\mysteryus\documents\github\1009project\1009project\debug\health.obj
c:\users\mysteryus\documents\github\1009project\debug\1009project.exe
c:\users\mysteryus\documents\github\1009project\1009project\debug\1009project.ilk
c:\users\mysteryus\documents\github\1009project\debug\1009project.pdb
c:\users\chows\desktop\1009project\1009project\debug\bat.obj
c:\users\chows\desktop\1009project\1009project\debug\boots.obj
c:\users\chows\desktop\1009project\1009project\debug\collisionchecker.obj
c:\users\chows\desktop\1009project\1009project\debug\entity.obj
c:\users\chows\desktop\1009project\1009project\debug\gamepanel.obj
c:\users\chows\desktop\1009project\1009project\debug\health.obj
c:\users\chows\desktop\1009project\1009project\debug\main.obj
c:\users\chows\desktop\1009project\1009project\debug\player.obj
c:\users\chows\desktop\1009project\1009project\debug\sound.obj
c:\users\chows\desktop\1009project\1009project\debug\tile.obj
c:\users\chows\desktop\1009project\1009project\debug\tilemanager.obj
c:\users\chows\desktop\1009project\1009project\debug\1009project.ilk
c:\users\chows\desktop\1009project\1009project\debug\vc141.idb
c:\users\chows\desktop\1009project\1009project\debug\vc142.idb
c:\users\chows\desktop\1009project\1009project\debug\vc143.idb
c:\users\chows\desktop\1009project\1009project\debug\vc141.pdb
c:\users\chows\desktop\1009project\1009project\debug\vc142.pdb
c:\users\chows\desktop\1009project\1009project\debug\vc143.pdb
c:\users\chows\desktop\1009project\debug\1009project.pdb
c:\users\chows\desktop\1009project\debug\1009project.exe
c:\users\chows\desktop\1009project\debug\1009project.ilk
c:\users\chows\desktop\1009project\1009project\debug\1009project.tlog\cl.command.1.tlog
c:\users\chows\desktop\1009project\1009project\debug\1009project.tlog\cl.read.1.tlog
c:\users\chows\desktop\1009project\1009project\debug\1009project.tlog\cl.write.1.tlog
c:\users\chows\desktop\1009project\1009project\debug\1009project.tlog\link.command.1.tlog
c:\users\chows\desktop\1009project\1009project\debug\1009project.tlog\link.read.1.tlog
c:\users\chows\desktop\1009project\1009project\debug\1009project.tlog\link.write.1.tlog
